<html>
<head>
<title>TestNG:  Surefire test</title>
<link href="../testng.css" rel="stylesheet" type="text/css" />
<link href="../my-testng.css" rel="stylesheet" type="text/css" />

<style type="text/css">
.log { display: none;} 
.stack-trace { display: none;} 
</style>
<script type="text/javascript">
<!--
function flip(e) {
  current = e.style.display;
  if (current == 'block') {
    e.style.display = 'none';
    return 0;
  }
  else {
    e.style.display = 'block';
    return 1;
  }
}

function toggleBox(szDivId, elem, msg1, msg2)
{
  var res = -1;  if (document.getElementById) {
    res = flip(document.getElementById(szDivId));
  }
  else if (document.all) {
    // this is the way old msie versions work
    res = flip(document.all[szDivId]);
  }
  if(elem) {
    if(res == 0) elem.innerHTML = msg1; else elem.innerHTML = msg2;
  }

}

function toggleAllBoxes() {
  if (document.getElementsByTagName) {
    d = document.getElementsByTagName('div');
    for (i = 0; i < d.length; i++) {
      if (d[i].className == 'log') {
        flip(d[i]);
      }
    }
  }
}

// -->
</script>

</head>
<body>
<h2 align='center'>Surefire test</h2><table border='1' align="center">
<tr>
<td>Tests passed/Failed/Skipped:</td><td>15/4/0</td>
</tr><tr>
<td>Started on:</td><td>Fri Feb 17 22:15:28 EET 2023</td>
</tr>
<tr><td>Total time:</td><td>402 seconds (402513 ms)</td>
</tr><tr>
<td>Included groups:</td><td></td>
</tr><tr>
<td>Excluded groups:</td><td></td>
</tr>
</table><p/>
<small><i>(Hover the method name to see the test class name)</i></small><p/>
<table width='100%' border='1' class='invocation-failed'>
<tr><td colspan='4' align='center'><b>FAILED TESTS</b></td></tr>
<tr><td><b>Test method</b></td>
<td width="30%"><b>Exception</b></td>
<td width="10%"><b>Time (seconds)</b></td>
<td><b>Instance</b></td>
</tr>
<tr>
<td title='org.example.runners.TestRunner.runScenario()'><b>runScenario</b><br>Test class: org.example.runners.TestRunner<br>Test method: Runs Cucumber Scenarios<br>Parameters: "user login with valid data (email & password)", "user could login the website"</td>
<td><div><pre>org.openqa.selenium.NoSuchElementException: no such element: Unable to locate element: {&quot;method&quot;:&quot;css selector&quot;,&quot;selector&quot;:&quot;*[name=&apos;master-wrapper-page&apos;]&quot;}
  (Session info: chrome=103.0.5060.114)
For documentation on this error, please visit: https://selenium.dev/exceptions/#no_such_element
Build info: version: &apos;4.7.2&apos;, revision: &apos;4d4020c3b7&apos;
System info: os.name: &apos;Windows 10&apos;, os.arch: &apos;amd64&apos;, os.version: &apos;10.0&apos;, java.version: &apos;1.8.0_202&apos;
Driver info: org.openqa.selenium.chrome.ChromeDriver
Command: [d2a1077e83b80e0fd2872a4ffd63dd76, findElement {using=name, value=master-wrapper-page}]
Capabilities {acceptInsecureCerts: false, browserName: chrome, browserVersion: 103.0.5060.114, chrome: {chromedriverVersion: 103.0.5060.134 (8ec6fce403b..., userDataDir: C:\Users\MAHMOU~1\AppData\L...}, goog:chromeOptions: {debuggerAddress: localhost:51155}, networkConnectionEnabled: false, pageLoadStrategy: normal, platformName: WINDOWS, proxy: Proxy(), se:cdp: ws://localhost:51155/devtoo..., se:cdpVersion: 103.0.5060.114, setWindowRect: true, strictFileInteractability: false, timeouts: {implicit: 0, pageLoad: 300000, script: 30000}, unhandledPromptBehavior: dismiss and notify, webauthn:extension:credBlob: true, webauthn:extension:largeBlob: true, webauthn:virtualAuthenticators: true}
Session ID: d2a1077e83b80e0fd2872a4ffd63dd76
	at org.openqa.selenium.remote.codec.w3c.W3CHttpResponseCodec.createException(W3CHttpResponseCodec.java:200)
	at org.openqa.selenium.remote.codec.w3c.W3CHttpResponseCodec.decode(W3CHttpResponseCodec.java:133)
	at org.openqa.selenium.remote.codec.w3c.W3CHttpResponseCodec.decode(W3CHttpResponseCodec.java:53)
	at org.openqa.selenium.remote.HttpCommandExecutor.execute(HttpCommandExecutor.java:184)
	at org.openqa.selenium.remote.service.DriverCommandExecutor.invokeExecute(DriverCommandExecutor.java:167)
	at org.openqa.selenium.remote.service.DriverCommandExecutor.execute(DriverCommandExecutor.java:142)
	at org.openqa.selenium.remote.RemoteWebDriver.execute(RemoteWebDriver.java:535)
	at org.openqa.selenium.remote.ElementLocation$ElementFinder$2.findElement(ElementLocation.java:162)
	at org.openqa.selenium.remote.ElementLocation.findElement(ElementLocation.java:66)
	at org.openqa.selenium.remote.RemoteWebDriver.findElement(RemoteWebDriver.java:351)
	at org.openqa.selenium.remote.RemoteWebDriver.findElement(RemoteWebDriver.java:343)
	at org.example.stepDef.D02_loginStepDef.login_successfully(D02_loginStepDef.java:38)
	at ?.user could login successfully and go to home page(file:///D:/Testing/MAVEN/src/main/resources/features/F02_Login.feature:12)
... Removed 4 stack frames</pre></div><a href='#' onClick='toggleBox("stack-trace651698411", this, "Click to show all stack frames", "Click to hide stack frames")'>Click to show all stack frames</a>
<div class='stack-trace' id='stack-trace651698411'><pre>org.openqa.selenium.NoSuchElementException: no such element: Unable to locate element: {&quot;method&quot;:&quot;css selector&quot;,&quot;selector&quot;:&quot;*[name=&apos;master-wrapper-page&apos;]&quot;}
  (Session info: chrome=103.0.5060.114)
For documentation on this error, please visit: https://selenium.dev/exceptions/#no_such_element
Build info: version: &apos;4.7.2&apos;, revision: &apos;4d4020c3b7&apos;
System info: os.name: &apos;Windows 10&apos;, os.arch: &apos;amd64&apos;, os.version: &apos;10.0&apos;, java.version: &apos;1.8.0_202&apos;
Driver info: org.openqa.selenium.chrome.ChromeDriver
Command: [d2a1077e83b80e0fd2872a4ffd63dd76, findElement {using=name, value=master-wrapper-page}]
Capabilities {acceptInsecureCerts: false, browserName: chrome, browserVersion: 103.0.5060.114, chrome: {chromedriverVersion: 103.0.5060.134 (8ec6fce403b..., userDataDir: C:\Users\MAHMOU~1\AppData\L...}, goog:chromeOptions: {debuggerAddress: localhost:51155}, networkConnectionEnabled: false, pageLoadStrategy: normal, platformName: WINDOWS, proxy: Proxy(), se:cdp: ws://localhost:51155/devtoo..., se:cdpVersion: 103.0.5060.114, setWindowRect: true, strictFileInteractability: false, timeouts: {implicit: 0, pageLoad: 300000, script: 30000}, unhandledPromptBehavior: dismiss and notify, webauthn:extension:credBlob: true, webauthn:extension:largeBlob: true, webauthn:virtualAuthenticators: true}
Session ID: d2a1077e83b80e0fd2872a4ffd63dd76
	at sun.reflect.NativeConstructorAccessorImpl.newInstance0(Native Method)
	at sun.reflect.NativeConstructorAccessorImpl.newInstance(NativeConstructorAccessorImpl.java:62)
	at sun.reflect.DelegatingConstructorAccessorImpl.newInstance(DelegatingConstructorAccessorImpl.java:45)
	at java.lang.reflect.Constructor.newInstance(Constructor.java:423)
	at org.openqa.selenium.remote.codec.w3c.W3CHttpResponseCodec.createException(W3CHttpResponseCodec.java:200)
	at org.openqa.selenium.remote.codec.w3c.W3CHttpResponseCodec.decode(W3CHttpResponseCodec.java:133)
	at org.openqa.selenium.remote.codec.w3c.W3CHttpResponseCodec.decode(W3CHttpResponseCodec.java:53)
	at org.openqa.selenium.remote.HttpCommandExecutor.execute(HttpCommandExecutor.java:184)
	at org.openqa.selenium.remote.service.DriverCommandExecutor.invokeExecute(DriverCommandExecutor.java:167)
	at org.openqa.selenium.remote.service.DriverCommandExecutor.execute(DriverCommandExecutor.java:142)
	at org.openqa.selenium.remote.RemoteWebDriver.execute(RemoteWebDriver.java:535)
	at org.openqa.selenium.remote.ElementLocation$ElementFinder$2.findElement(ElementLocation.java:162)
	at org.openqa.selenium.remote.ElementLocation.findElement(ElementLocation.java:66)
	at org.openqa.selenium.remote.RemoteWebDriver.findElement(RemoteWebDriver.java:351)
	at org.openqa.selenium.remote.RemoteWebDriver.findElement(RemoteWebDriver.java:343)
	at org.example.stepDef.D02_loginStepDef.login_successfully(D02_loginStepDef.java:38)
	at ?.user could login successfully and go to home page(file:///D:/Testing/MAVEN/src/main/resources/features/F02_Login.feature:12)
</pre></div></td>
<td>23</td>
<td>org.example.runners.TestRunner@fad74ee</td></tr>
<tr>
<td title='org.example.runners.TestRunner.runScenario()'><b>runScenario</b><br>Test class: org.example.runners.TestRunner<br>Test method: Runs Cucumber Scenarios<br>Parameters: "user opens rss link", "Follow us links"</td>
<td><div><pre>java.lang.AssertionError: expected [2] but found [1]
	at org.example.stepDef.D07_followUsStepDef.get_url_from_new_opened_tab(D07_followUsStepDef.java:61)
	at ?.get url from new opened tab &quot;https://demo.nopcommerce.com/new-online-store-is-open&quot;(file:///D:/Testing/MAVEN/src/main/resources/features/F07_followUs.feature:14)
... Removed 6 stack frames</pre></div><a href='#' onClick='toggleBox("stack-trace530131514", this, "Click to show all stack frames", "Click to hide stack frames")'>Click to show all stack frames</a>
<div class='stack-trace' id='stack-trace530131514'><pre>java.lang.AssertionError: expected [2] but found [1]
	at org.testng.Assert.fail(Assert.java:110)
	at org.testng.Assert.failNotEquals(Assert.java:1413)
	at org.testng.Assert.assertEqualsImpl(Assert.java:149)
	at org.testng.Assert.assertEquals(Assert.java:131)
	at org.testng.Assert.assertEquals(Assert.java:1240)
	at org.testng.Assert.assertEquals(Assert.java:1274)
	at org.example.stepDef.D07_followUsStepDef.get_url_from_new_opened_tab(D07_followUsStepDef.java:61)
	at ?.get url from new opened tab &quot;https://demo.nopcommerce.com/new-online-store-is-open&quot;(file:///D:/Testing/MAVEN/src/main/resources/features/F07_followUs.feature:14)
</pre></div></td>
<td>21</td>
<td>org.example.runners.TestRunner@fad74ee</td></tr>
<tr>
<td title='org.example.runners.TestRunner.runScenario()'><b>runScenario</b><br>Test class: org.example.runners.TestRunner<br>Test method: Runs Cucumber Scenarios<br>Parameters: "first slider", "Home Slider1"</td>
<td><div><pre>java.lang.AssertionError: expected [https://demo.nopcommerce.com/nokia-lumia-1020] but found [https://demo.nopcommerce.com/]
	at org.example.stepDef.D06_homeSlidersStepDef.get_url(D06_homeSlidersStepDef.java:24)
	at ?.get url(file:///D:/Testing/MAVEN/src/main/resources/features/F06_homeSliders.feature:5)
... Removed 6 stack frames</pre></div><a href='#' onClick='toggleBox("stack-trace1183912264", this, "Click to show all stack frames", "Click to hide stack frames")'>Click to show all stack frames</a>
<div class='stack-trace' id='stack-trace1183912264'><pre>java.lang.AssertionError: expected [https://demo.nopcommerce.com/nokia-lumia-1020] but found [https://demo.nopcommerce.com/]
	at org.testng.Assert.fail(Assert.java:110)
	at org.testng.Assert.failNotEquals(Assert.java:1413)
	at org.testng.Assert.assertEqualsImpl(Assert.java:149)
	at org.testng.Assert.assertEquals(Assert.java:131)
	at org.testng.Assert.assertEquals(Assert.java:655)
	at org.testng.Assert.assertEquals(Assert.java:665)
	at org.example.stepDef.D06_homeSlidersStepDef.get_url(D06_homeSlidersStepDef.java:24)
	at ?.get url(file:///D:/Testing/MAVEN/src/main/resources/features/F06_homeSliders.feature:5)
</pre></div></td>
<td>17</td>
<td>org.example.runners.TestRunner@fad74ee</td></tr>
<tr>
<td title='org.example.runners.TestRunner.runScenario()'><b>runScenario</b><br>Test class: org.example.runners.TestRunner<br>Test method: Runs Cucumber Scenarios<br>Parameters: "Seconed slider", "Home Slider1"</td>
<td><div><pre>java.lang.AssertionError: expected [https://demo.nopcommerce.com/iphone-6] but found [https://demo.nopcommerce.com/]
	at org.example.stepDef.D06_homeSlidersStepDef.get_url2(D06_homeSlidersStepDef.java:36)
	at ?.get url2(file:///D:/Testing/MAVEN/src/main/resources/features/F06_homeSliders.feature:9)
... Removed 6 stack frames</pre></div><a href='#' onClick='toggleBox("stack-trace1541427914", this, "Click to show all stack frames", "Click to hide stack frames")'>Click to show all stack frames</a>
<div class='stack-trace' id='stack-trace1541427914'><pre>java.lang.AssertionError: expected [https://demo.nopcommerce.com/iphone-6] but found [https://demo.nopcommerce.com/]
	at org.testng.Assert.fail(Assert.java:110)
	at org.testng.Assert.failNotEquals(Assert.java:1413)
	at org.testng.Assert.assertEqualsImpl(Assert.java:149)
	at org.testng.Assert.assertEquals(Assert.java:131)
	at org.testng.Assert.assertEquals(Assert.java:655)
	at org.testng.Assert.assertEquals(Assert.java:665)
	at org.example.stepDef.D06_homeSlidersStepDef.get_url2(D06_homeSlidersStepDef.java:36)
	at ?.get url2(file:///D:/Testing/MAVEN/src/main/resources/features/F06_homeSliders.feature:9)
</pre></div></td>
<td>22</td>
<td>org.example.runners.TestRunner@fad74ee</td></tr>
</table><p>
<table width='100%' border='1' class='invocation-passed'>
<tr><td colspan='4' align='center'><b>PASSED TESTS</b></td></tr>
<tr><td><b>Test method</b></td>
<td width="30%"><b>Exception</b></td>
<td width="10%"><b>Time (seconds)</b></td>
<td><b>Instance</b></td>
</tr>
<tr>
<td title='org.example.runners.TestRunner.runScenario()'><b>runScenario</b><br>Test class: org.example.runners.TestRunner<br>Test method: Runs Cucumber Scenarios<br>Parameters: "user could search by product sku", "user could search in home page"</td>
<td></td>
<td>20</td>
<td>org.example.runners.TestRunner@fad74ee</td></tr>
<tr>
<td title='org.example.runners.TestRunner.runScenario()'><b>runScenario</b><br>Test class: org.example.runners.TestRunner<br>Test method: Runs Cucumber Scenarios<br>Parameters: "wishlist items was increased", "User could add product to Wishlist"</td>
<td></td>
<td>12</td>
<td>org.example.runners.TestRunner@fad74ee</td></tr>
<tr>
<td title='org.example.runners.TestRunner.runScenario()'><b>runScenario</b><br>Test class: org.example.runners.TestRunner<br>Test method: Runs Cucumber Scenarios<br>Parameters: "user could register with valid data successfully", "users could register with new accounts"</td>
<td></td>
<td>46</td>
<td>org.example.runners.TestRunner@fad74ee</td></tr>
<tr>
<td title='org.example.runners.TestRunner.runScenario()'><b>runScenario</b><br>Test class: org.example.runners.TestRunner<br>Test method: Runs Cucumber Scenarios<br>Parameters: "user opens youtube link", "Follow us links"</td>
<td></td>
<td>32</td>
<td>org.example.runners.TestRunner@fad74ee</td></tr>
<tr>
<td title='org.example.runners.TestRunner.runScenario()'><b>runScenario</b><br>Test class: org.example.runners.TestRunner<br>Test method: Runs Cucumber Scenarios<br>Parameters: "user login with invalid data (email & password)", "user could login the website"</td>
<td></td>
<td>23</td>
<td>org.example.runners.TestRunner@fad74ee</td></tr>
<tr>
<td title='org.example.runners.TestRunner.runScenario()'><b>runScenario</b><br>Test class: org.example.runners.TestRunner<br>Test method: Runs Cucumber Scenarios<br>Parameters: "success message is visible after adding The product to wishlist", "User could add product to Wishlist"</td>
<td></td>
<td>14</td>
<td>org.example.runners.TestRunner@fad74ee</td></tr>
<tr>
<td title='org.example.runners.TestRunner.runScenario()'><b>runScenario</b><br>Test class: org.example.runners.TestRunner<br>Test method: Runs Cucumber Scenarios<br>Parameters: "user could search by product name", "user could search in home page"</td>
<td></td>
<td>16</td>
<td>org.example.runners.TestRunner@fad74ee</td></tr>
<tr>
<td title='org.example.runners.TestRunner.runScenario()'><b>runScenario</b><br>Test class: org.example.runners.TestRunner<br>Test method: Runs Cucumber Scenarios<br>Parameters: "user could search by product sku", "user could search in home page"</td>
<td></td>
<td>19</td>
<td>org.example.runners.TestRunner@fad74ee</td></tr>
<tr>
<td title='org.example.runners.TestRunner.runScenario()'><b>runScenario</b><br>Test class: org.example.runners.TestRunner<br>Test method: Runs Cucumber Scenarios<br>Parameters: "user opens facebook link", "Follow us links"</td>
<td></td>
<td>31</td>
<td>org.example.runners.TestRunner@fad74ee</td></tr>
<tr>
<td title='org.example.runners.TestRunner.runScenario()'><b>runScenario</b><br>Test class: org.example.runners.TestRunner<br>Test method: Runs Cucumber Scenarios<br>Parameters: "user hover category", "hover categories"</td>
<td></td>
<td>12</td>
<td>org.example.runners.TestRunner@fad74ee</td></tr>
<tr>
<td title='org.example.runners.TestRunner.runScenario()'><b>runScenario</b><br>Test class: org.example.runners.TestRunner<br>Test method: Runs Cucumber Scenarios<br>Parameters: "user could search by product name", "user could search in home page"</td>
<td></td>
<td>15</td>
<td>org.example.runners.TestRunner@fad74ee</td></tr>
<tr>
<td title='org.example.runners.TestRunner.runScenario()'><b>runScenario</b><br>Test class: org.example.runners.TestRunner<br>Test method: Runs Cucumber Scenarios<br>Parameters: "user opens twitter link", "Follow us links"</td>
<td></td>
<td>21</td>
<td>org.example.runners.TestRunner@fad74ee</td></tr>
<tr>
<td title='org.example.runners.TestRunner.runScenario()'><b>runScenario</b><br>Test class: org.example.runners.TestRunner<br>Test method: Runs Cucumber Scenarios<br>Parameters: "users choose currency", "users choose currency"</td>
<td></td>
<td>13</td>
<td>org.example.runners.TestRunner@fad74ee</td></tr>
<tr>
<td title='org.example.runners.TestRunner.runScenario()'><b>runScenario</b><br>Test class: org.example.runners.TestRunner<br>Test method: Runs Cucumber Scenarios<br>Parameters: "user could search by product name", "user could search in home page"</td>
<td></td>
<td>18</td>
<td>org.example.runners.TestRunner@fad74ee</td></tr>
<tr>
<td title='org.example.runners.TestRunner.runScenario()'><b>runScenario</b><br>Test class: org.example.runners.TestRunner<br>Test method: Runs Cucumber Scenarios<br>Parameters: "user could search by product sku", "user could search in home page"</td>
<td></td>
<td>13</td>
<td>org.example.runners.TestRunner@fad74ee</td></tr>
</table><p>
</body>
</html>